2025-10-18 02:39:04,611 - __main__ - INFO - Starting pipeline training...
2025-10-18 02:39:04,611 - YOLOTransUNetPipeline - INFO - End Yolo10 config...
2025-10-18 02:39:05,310 - __main__ - INFO - Found 506 images
2025-10-18 02:39:05,310 - __main__ - INFO - Data splits: Train=355, Val=101, Test=50
2025-10-18 02:39:05,310 - __main__ - INFO - Pipeline training completed!
2025-10-18 02:39:05,310 - __main__ - INFO - Pipeline completed successfully!
2025-10-18 02:41:18,425 - __main__ - INFO - Starting pipeline training...
2025-10-18 02:41:18,447 - YOLOTransUNetPipeline - INFO - End Yolo10 config...
2025-10-18 02:41:19,111 - __main__ - INFO - Found 506 images
2025-10-18 02:41:19,111 - __main__ - INFO - Data splits: Train=355, Val=101, Test=50
2025-10-18 02:41:19,111 - __main__ - INFO - Pipeline training completed!
2025-10-18 02:41:19,113 - __main__ - INFO - Pipeline completed successfully!
2025-10-18 02:42:01,934 - __main__ - INFO - Starting pipeline training...
2025-10-18 02:42:01,950 - YOLOTransUNetPipeline - INFO - End Yolo10 config...
2025-10-18 02:42:02,560 - __main__ - INFO - Found 506 images
2025-10-18 02:42:02,560 - __main__ - INFO - Data splits: Train=355, Val=101, Test=50
2025-10-18 02:42:02,561 - __main__ - INFO - Pipeline training completed!
2025-10-18 02:42:02,561 - __main__ - INFO - Pipeline completed successfully!
2025-10-18 02:45:14,826 - __main__ - INFO - Starting pipeline training...
2025-10-18 02:45:14,841 - YOLOTransUNetPipeline - INFO - End Yolo10 config...
2025-10-18 02:45:15,575 - __main__ - INFO - Found 506 images
2025-10-18 02:45:15,575 - __main__ - INFO - Data splits: Train=355, Val=101, Test=50
2025-10-18 02:45:15,575 - YOLOTransUNetPipeline - INFO - Starting YOLOv10 training...
2025-10-18 02:45:15,592 - models.YOLOv10Detector - INFO - YOLO data structure created at results\yolo_data
2025-10-18 02:45:15,593 - models.YOLOv10Detector - INFO - Loading pretrained small model
2025-10-18 02:45:16,457 - __main__ - ERROR - Pipeline failed: [Errno 2] No such file or directory: 'small.pt'
2025-10-18 02:54:30,336 - __main__ - INFO - Starting pipeline training...
2025-10-18 02:54:30,351 - YOLOTransUNetPipeline - INFO - End Yolo10 config...
2025-10-18 02:54:31,053 - __main__ - INFO - Found 506 images
2025-10-18 02:54:31,053 - __main__ - INFO - Data splits: Train=355, Val=101, Test=50
2025-10-18 02:54:31,053 - YOLOTransUNetPipeline - INFO - Starting YOLOv10 training...
2025-10-18 02:54:31,053 - models.YOLOv10Detector - INFO - YOLO data structure created at results\yolo_data
2025-10-18 02:54:31,053 - models.YOLOv10Detector - INFO - Loading pretrained small model
2025-10-18 02:54:31,921 - __main__ - ERROR - Pipeline failed: [Errno 2] No such file or directory: 'small.pt'
2025-10-18 03:02:57,827 - __main__ - INFO - Starting pipeline training...
2025-10-18 03:02:57,834 - YOLOTransUNetPipeline - INFO - End Yolo10 config...
2025-10-18 03:02:58,537 - __main__ - INFO - Found 506 images
2025-10-18 03:02:58,537 - __main__ - INFO - Data splits: Train=355, Val=101, Test=50
2025-10-18 03:02:58,537 - YOLOTransUNetPipeline - INFO - Starting YOLOv10 training...
2025-10-18 03:02:58,537 - models.YOLOv10Detector - INFO - YOLO data structure created at results\yolo_data
2025-10-18 03:02:58,537 - models.YOLOv10Detector - INFO - Loading pretrained small model
2025-10-18 03:02:59,530 - __main__ - ERROR - Pipeline failed: [Errno 2] No such file or directory: 'small.pt'
2025-10-18 03:05:29,020 - __main__ - INFO - Starting pipeline training...
2025-10-18 03:05:29,038 - __main__ - ERROR - Pipeline failed: 'model_size'
2025-10-18 03:07:05,865 - __main__ - INFO - Starting pipeline training...
2025-10-18 03:07:05,870 - __main__ - ERROR - Pipeline failed: 'model_size'
2025-10-18 03:07:43,060 - __main__ - INFO - Starting pipeline training...
2025-10-18 03:07:43,093 - YOLOTransUNetPipeline - INFO - End Yolo10 config...
2025-10-18 03:07:43,744 - __main__ - INFO - Found 506 images
2025-10-18 03:07:43,744 - __main__ - INFO - Data splits: Train=355, Val=101, Test=50
2025-10-18 03:07:43,744 - YOLOTransUNetPipeline - INFO - Starting YOLOv10 training...
2025-10-18 03:07:43,744 - models.YOLOv10Detector - INFO - YOLO data structure created at results\yolo_data
2025-10-18 03:07:43,744 - models.YOLOv10Detector - INFO - Loading pretrained 224 model
2025-10-18 03:07:44,480 - __main__ - ERROR - Pipeline failed: [Errno 2] No such file or directory: '224.pt'
2025-10-18 03:09:04,634 - __main__ - INFO - Starting pipeline training...
2025-10-18 03:09:04,649 - YOLOTransUNetPipeline - INFO - End Yolo10 config...
2025-10-18 03:09:05,362 - __main__ - INFO - Found 506 images
2025-10-18 03:09:05,365 - __main__ - INFO - Data splits: Train=355, Val=101, Test=50
2025-10-18 03:09:05,366 - YOLOTransUNetPipeline - INFO - Starting YOLOv10 training...
2025-10-18 03:09:05,374 - models.YOLOv10Detector - INFO - YOLO data structure created at results\yolo_data
2025-10-18 03:09:05,374 - models.YOLOv10Detector - INFO - Loading pretrained yolo_best model
2025-10-18 03:09:06,713 - __main__ - ERROR - Pipeline failed: [Errno 2] No such file or directory: 'yolo_best.pt'
2025-10-18 03:09:34,605 - __main__ - INFO - Starting pipeline training...
2025-10-18 03:09:34,621 - YOLOTransUNetPipeline - INFO - End Yolo10 config...
2025-10-18 03:09:35,582 - __main__ - INFO - Found 506 images
2025-10-18 03:09:35,582 - __main__ - INFO - Data splits: Train=355, Val=101, Test=50
2025-10-18 03:09:35,582 - YOLOTransUNetPipeline - INFO - Starting YOLOv10 training...
2025-10-18 03:09:35,582 - models.YOLOv10Detector - INFO - YOLO data structure created at results\yolo_data
2025-10-18 03:09:35,582 - models.YOLOv10Detector - INFO - Loading pretrained modelsyolo_best model
2025-10-18 03:09:36,569 - __main__ - ERROR - Pipeline failed: [Errno 2] No such file or directory: 'modelsyolo_best.pt'
2025-10-18 03:09:54,073 - __main__ - INFO - Starting pipeline training...
2025-10-18 03:09:54,097 - YOLOTransUNetPipeline - INFO - End Yolo10 config...
2025-10-18 03:09:54,775 - __main__ - INFO - Found 506 images
2025-10-18 03:09:54,775 - __main__ - INFO - Data splits: Train=355, Val=101, Test=50
2025-10-18 03:09:54,775 - YOLOTransUNetPipeline - INFO - Starting YOLOv10 training...
2025-10-18 03:09:54,775 - models.YOLOv10Detector - INFO - YOLO data structure created at results\yolo_data
2025-10-18 03:09:54,775 - models.YOLOv10Detector - INFO - Loading pretrained models/yolo_best model
2025-10-18 03:09:54,991 - __main__ - ERROR - Pipeline failed: 'batch_size'
2025-10-18 03:10:31,466 - __main__ - INFO - Starting pipeline training...
2025-10-18 03:10:31,491 - YOLOTransUNetPipeline - INFO - End Yolo10 config...
2025-10-18 03:10:32,135 - __main__ - INFO - Found 506 images
2025-10-18 03:10:32,135 - __main__ - INFO - Data splits: Train=355, Val=101, Test=50
2025-10-18 03:10:32,135 - YOLOTransUNetPipeline - INFO - Starting YOLOv10 training...
2025-10-18 03:10:32,135 - models.YOLOv10Detector - INFO - YOLO data structure created at results\yolo_data
2025-10-18 03:10:32,135 - models.YOLOv10Detector - INFO - Loading pretrained models/yolo_best model
2025-10-18 03:10:32,216 - __main__ - ERROR - Pipeline failed: 'batch_size'
2025-10-18 03:10:58,327 - __main__ - INFO - Starting pipeline training...
2025-10-18 03:10:58,350 - YOLOTransUNetPipeline - INFO - End Yolo10 config...
2025-10-18 03:10:58,966 - __main__ - INFO - Found 506 images
2025-10-18 03:10:58,966 - __main__ - INFO - Data splits: Train=355, Val=101, Test=50
2025-10-18 03:10:58,967 - YOLOTransUNetPipeline - INFO - Starting YOLOv10 training...
2025-10-18 03:10:58,968 - models.YOLOv10Detector - INFO - YOLO data structure created at results\yolo_data
2025-10-18 03:10:58,969 - models.YOLOv10Detector - INFO - Loading pretrained models/yolo_best model
2025-10-18 03:10:59,051 - __main__ - ERROR - Pipeline failed: 'int' object is not subscriptable
2025-10-18 03:12:04,850 - __main__ - INFO - Starting pipeline training...
2025-10-18 03:12:04,858 - YOLOTransUNetPipeline - INFO - End Yolo10 config...
2025-10-18 03:12:05,483 - __main__ - INFO - Found 506 images
2025-10-18 03:12:05,483 - __main__ - INFO - Data splits: Train=355, Val=101, Test=50
2025-10-18 03:12:05,483 - YOLOTransUNetPipeline - INFO - Starting YOLOv10 training...
2025-10-18 03:12:05,483 - models.YOLOv10Detector - INFO - YOLO data structure created at results\yolo_data
2025-10-18 03:12:05,483 - models.YOLOv10Detector - INFO - Loading pretrained models/yolo_best model
2025-10-18 03:12:05,553 - __main__ - ERROR - Pipeline failed: 'int' object is not subscriptable
2025-10-18 03:16:12,436 - __main__ - INFO - Starting pipeline training...
2025-10-18 03:16:12,441 - YOLOTransUNetPipeline - INFO - End Yolo10 config...
2025-10-18 03:16:13,203 - __main__ - INFO - Found 506 images
2025-10-18 03:16:13,219 - __main__ - INFO - Data splits: Train=355, Val=101, Test=50
2025-10-18 03:16:13,220 - YOLOTransUNetPipeline - INFO - Starting YOLOv10 training...
2025-10-18 03:16:13,226 - models.YOLOv10Detector - INFO - YOLO data structure created at results\yolo_data
2025-10-18 03:16:13,227 - root - INFO - YOLO data prepared at results\yolo_data\data.yaml
2025-10-18 03:16:13,227 - models.YOLOv10Detector - INFO - Loading pretrained models/yolo_best model
2025-10-18 03:16:13,446 - __main__ - ERROR - Pipeline failed: 'int' object is not subscriptable
2025-10-18 03:16:46,973 - __main__ - INFO - Starting pipeline training...
2025-10-18 03:16:46,982 - YOLOTransUNetPipeline - INFO - End Yolo10 config...
2025-10-18 03:16:47,647 - __main__ - INFO - Found 506 images
2025-10-18 03:16:47,647 - __main__ - INFO - Data splits: Train=355, Val=101, Test=50
2025-10-18 03:16:47,647 - YOLOTransUNetPipeline - INFO - Starting YOLOv10 training...
2025-10-18 03:16:47,647 - models.YOLOv10Detector - INFO - YOLO data structure created at results\yolo_data
2025-10-18 03:16:47,647 - root - INFO - YOLO data prepared at results\yolo_data\data.yaml
2025-10-18 03:16:47,647 - models.YOLOv10Detector - INFO - Loading pretrained models/yolo_best model
2025-10-18 03:16:47,736 - __main__ - ERROR - Pipeline failed: 'int' object is not subscriptable
2025-10-18 03:17:48,454 - __main__ - INFO - Starting pipeline training...
2025-10-18 03:17:48,454 - YOLOTransUNetPipeline - INFO - End Yolo10 config...
2025-10-18 03:17:49,166 - __main__ - INFO - Found 506 images
2025-10-18 03:17:49,166 - __main__ - INFO - Data splits: Train=355, Val=101, Test=50
2025-10-18 03:17:49,166 - YOLOTransUNetPipeline - INFO - Starting YOLOv10 training...
2025-10-18 03:17:49,166 - models.YOLOv10Detector - INFO - YOLO data structure created at results\yolo_data
2025-10-18 03:17:49,166 - root - INFO - YOLO data prepared at results\yolo_data\data.yaml
2025-10-18 03:17:49,166 - models.YOLOv10Detector - INFO - Loading pretrained models/yolo_best model
2025-10-18 03:17:49,243 - root - INFO - Model loaded for training.
2025-10-18 03:17:49,243 - __main__ - ERROR - Pipeline failed: 'int' object is not subscriptable
2025-10-18 03:21:35,081 - __main__ - INFO - Starting pipeline training...
2025-10-18 03:21:35,134 - YOLOTransUNetPipeline - INFO - End Yolo10 config...
2025-10-18 03:21:35,836 - __main__ - INFO - Found 506 images
2025-10-18 03:21:35,836 - __main__ - INFO - Data splits: Train=355, Val=101, Test=50
2025-10-18 03:21:35,836 - YOLOTransUNetPipeline - INFO - Starting YOLOv10 training...
2025-10-18 03:21:35,836 - models.YOLOv10Detector - INFO - YOLO data structure created at results\yolo_data
2025-10-18 03:21:35,836 - root - INFO - YOLO data prepared at results\yolo_data\data.yaml
2025-10-18 03:21:35,836 - models.YOLOv10Detector - INFO - Loading pretrained models/yolo_best model
2025-10-18 03:21:35,909 - root - INFO - Model loaded for training.
2025-10-18 03:21:35,909 - __main__ - ERROR - Pipeline failed: 'int' object is not subscriptable
2025-10-18 03:26:25,133 - __main__ - INFO - Starting pipeline training...
2025-10-18 03:26:25,162 - YOLOTransUNetPipeline - INFO - End Yolo10 config...
2025-10-18 03:26:25,803 - __main__ - INFO - Found 506 images
2025-10-18 03:26:25,803 - __main__ - INFO - Data splits: Train=355, Val=101, Test=50
2025-10-18 03:26:25,803 - YOLOTransUNetPipeline - INFO - Starting YOLOv10 training...
2025-10-18 03:26:25,803 - models.YOLOv10Detector - INFO - YOLO data structure created at results\yolo_data
2025-10-18 03:26:25,803 - root - INFO - YOLO data prepared at results\yolo_data\data.yaml
2025-10-18 03:26:25,803 - models.YOLOv10Detector - INFO - Loading pretrained models/yolo_best model
2025-10-18 03:26:25,877 - root - INFO - Model loaded for training.
2025-10-18 03:26:25,877 - __main__ - ERROR - Pipeline failed: 'int' object is not subscriptable
2025-10-18 03:27:21,632 - __main__ - INFO - Starting pipeline training...
2025-10-18 03:27:21,648 - __main__ - ERROR - Pipeline failed: 'input_size'
2025-10-18 03:27:54,931 - __main__ - INFO - Starting pipeline training...
2025-10-18 03:27:54,953 - YOLOTransUNetPipeline - INFO - End Yolo10 config...
2025-10-18 03:27:55,590 - __main__ - INFO - Found 506 images
2025-10-18 03:27:55,590 - __main__ - INFO - Data splits: Train=355, Val=101, Test=50
2025-10-18 03:27:55,590 - YOLOTransUNetPipeline - INFO - Starting YOLOv10 training...
2025-10-18 03:27:55,590 - models.YOLOv10Detector - INFO - YOLO data structure created at results\yolo_data
2025-10-18 03:27:55,590 - root - INFO - YOLO data prepared at results\yolo_data\data.yaml
2025-10-18 03:27:55,590 - models.YOLOv10Detector - INFO - Loading pretrained models/yolo_best model
2025-10-18 03:27:55,673 - root - INFO - Model loaded for training.
2025-10-18 03:27:55,673 - models.YOLOv10Detector - INFO - Starting YOLOv10 training...
2025-10-18 03:27:56,523 - __main__ - ERROR - Pipeline failed: '[31m[1mval_fraction[0m' is not a valid YOLO argument. Similar arguments are i.e. ['fraction=1.0', 'mask_ratio=4'].

    Arguments received: ['yolo', 'train', '--config', 'configs/yolo_transunet_config.yaml', '--data_dir', 'data/sample_dataset']. Ultralytics 'yolo' commands use the following syntax:

        yolo TASK MODE ARGS

        Where   TASK (optional) is one of ['classify', 'obb', 'detect', 'segment', 'pose']
                MODE (required) is one of ['track', 'train', 'export', 'benchmark', 'predict', 'val']
                ARGS (optional) are any number of custom 'arg=value' pairs like 'imgsz=320' that override defaults.
                    See all ARGS at https://docs.ultralytics.com/usage/cfg or with 'yolo cfg'

    1. Train a detection model for 10 epochs with an initial learning_rate of 0.01
        yolo train data=coco8.yaml model=yolo11n.pt epochs=10 lr0=0.01

    2. Predict a YouTube video using a pretrained segmentation model at image size 320:
        yolo predict model=yolo11n-seg.pt source='https://youtu.be/LNwODJXcvt4' imgsz=320

    3. Val a pretrained detection model at batch-size 1 and image size 640:
        yolo val model=yolo11n.pt data=coco8.yaml batch=1 imgsz=640

    4. Export a YOLO11n classification model to ONNX format at image size 224 by 128 (no TASK required)
        yolo export model=yolo11n-cls.pt format=onnx imgsz=224,128

    5. Ultralytics solutions usage
        yolo solutions count or in ['crop', 'blur', 'workout', 'heatmap', 'isegment', 'visioneye', 'speed', 'queue', 'analytics', 'inference', 'trackzone'] source="path/to/video.mp4"

    6. Run special commands:
        yolo help
        yolo checks
        yolo version
        yolo settings
        yolo copy-cfg
        yolo cfg
        yolo solutions help

    Docs: https://docs.ultralytics.com
    Solutions: https://docs.ultralytics.com/solutions/
    Community: https://community.ultralytics.com
    GitHub: https://github.com/ultralytics/ultralytics
    
2025-10-18 03:29:35,765 - __main__ - INFO - Starting pipeline training...
2025-10-18 03:29:35,781 - __main__ - ERROR - Pipeline failed: while scanning a simple key
  in "configs/yolo_transunet_config.yaml", line 88, column 1
could not find expected ':'
  in "configs/yolo_transunet_config.yaml", line 89, column 11
2025-10-18 03:32:25,822 - __main__ - INFO - Starting pipeline training...
2025-10-18 03:32:25,842 - YOLOTransUNetPipeline - INFO - End Yolo10 config...
2025-10-18 03:32:26,508 - __main__ - INFO - Found 506 images
2025-10-18 03:32:26,508 - __main__ - INFO - Data splits: Train=355, Val=101, Test=50
2025-10-18 03:32:26,508 - YOLOTransUNetPipeline - INFO - Starting YOLOv10 training...
2025-10-18 03:32:26,508 - models.YOLOv10Detector - INFO - YOLO data structure created at results\yolo_data
2025-10-18 03:32:26,508 - root - INFO - YOLO data prepared at results\yolo_data\data.yaml
2025-10-18 03:32:26,508 - models.YOLOv10Detector - INFO - Loading pretrained models/yolo_best model
2025-10-18 03:32:26,598 - root - INFO - Model loaded for training.
2025-10-18 03:32:26,598 - models.YOLOv10Detector - INFO - Starting YOLOv10 training...
2025-10-18 03:32:32,213 - __main__ - ERROR - Pipeline failed: [34m[1mtrain: [0mError loading data from C:\PHD\MRISegmentation\MRISegmentation\results\yolo_data\images\train
See https://docs.ultralytics.com/datasets for dataset formatting guidance.
2025-10-18 13:58:51,681 - __main__ - INFO - Starting pipeline training...
2025-10-18 13:58:51,697 - YOLOTransUNetPipeline - INFO - End Yolo10 config...
2025-10-18 13:58:52,501 - __main__ - INFO - Found 506 images
2025-10-18 13:58:52,504 - __main__ - INFO - Data splits: Train=355, Val=101, Test=50
2025-10-18 13:58:52,504 - YOLOTransUNetPipeline - INFO - Starting YOLOv10 training...
2025-10-18 13:58:52,504 - models.YOLOv10Detector - INFO - YOLO data structure created at results\yolo_data
2025-10-18 13:58:52,504 - root - INFO - YOLO data prepared at results\yolo_data\data.yaml
2025-10-18 13:58:52,515 - models.YOLOv10Detector - INFO - Loading pretrained models/yolo_best model
2025-10-18 13:58:52,718 - root - INFO - Model loaded for training.
2025-10-18 13:58:52,718 - models.YOLOv10Detector - INFO - Starting YOLOv10 training...
2025-10-18 13:58:55,377 - __main__ - ERROR - Pipeline failed: [34m[1mtrain: [0mError loading data from C:\PHD\MRISegmentation\MRISegmentation\results\yolo_data\images\train
See https://docs.ultralytics.com/datasets for dataset formatting guidance.
2025-10-18 14:02:28,125 - __main__ - INFO - Starting pipeline training...
2025-10-18 14:02:28,151 - YOLOTransUNetPipeline - INFO - End Yolo10 config...
2025-10-18 14:02:29,121 - __main__ - INFO - Found 506 images
2025-10-18 14:02:29,123 - __main__ - INFO - Data splits: Train=355, Val=101, Test=50
2025-10-18 14:02:29,123 - YOLOTransUNetPipeline - INFO - Starting YOLOv10 training...
2025-10-18 14:02:29,123 - models.YOLOv10Detector - INFO - YOLO data structure created at data\results\yolo_data
2025-10-18 14:02:29,123 - root - INFO - YOLO data prepared at data\results\yolo_data\data.yaml
2025-10-18 14:02:29,123 - models.YOLOv10Detector - INFO - Loading pretrained models/yolo_best model
2025-10-18 14:02:29,236 - root - INFO - Model loaded for training.
2025-10-18 14:02:29,236 - models.YOLOv10Detector - INFO - Starting YOLOv10 training...
2025-10-18 14:02:31,372 - __main__ - ERROR - Pipeline failed: [34m[1mtrain: [0mError loading data from C:\PHD\MRISegmentation\MRISegmentation\data\results\yolo_data\images\train
See https://docs.ultralytics.com/datasets for dataset formatting guidance.
2025-10-18 14:09:55,699 - __main__ - INFO - Starting pipeline training...
2025-10-18 14:09:55,715 - YOLOTransUNetPipeline - INFO - End Yolo10 config...
2025-10-18 14:09:56,428 - __main__ - INFO - Found 506 images
2025-10-18 14:09:56,428 - __main__ - INFO - Data splits: Train=355, Val=101, Test=50
2025-10-18 14:09:56,428 - YOLOTransUNetPipeline - INFO - Starting YOLOv10 training...
2025-10-18 14:09:56,428 - models.YOLOv10Detector - INFO - YOLO data structure created at data\results\yolo_data
2025-10-18 14:09:56,428 - root - INFO - YOLO data prepared at data\results\yolo_data\data.yaml
2025-10-18 14:09:56,428 - models.YOLOv10Detector - INFO - Loading pretrained models/yolo_best model
2025-10-18 14:09:56,705 - root - INFO - Model loaded for training.
2025-10-18 14:09:56,705 - models.YOLOv10Detector - INFO - Starting YOLOv10 training...
2025-10-18 14:09:59,312 - __main__ - ERROR - Pipeline failed: [34m[1mtrain: [0mError loading data from C:\PHD\MRISegmentation\MRISegmentation\data\results\yolo_data\images\train
See https://docs.ultralytics.com/datasets for dataset formatting guidance.
2025-10-18 14:20:59,075 - __main__ - INFO - Starting pipeline training...
2025-10-18 14:20:59,075 - YOLOTransUNetPipeline - INFO - End Yolo10 config...
2025-10-18 14:20:59,759 - __main__ - INFO - Found 506 images
2025-10-18 14:20:59,759 - __main__ - INFO - Data splits: Train=355, Val=101, Test=50
2025-10-18 14:20:59,759 - YOLOTransUNetPipeline - INFO - Starting YOLOv10 training...
2025-10-18 14:20:59,862 - __main__ - ERROR - Pipeline failed: With n_samples=0, test_size=0.2 and train_size=None, the resulting train set will be empty. Adjust any of the aforementioned parameters.
2025-10-18 14:23:13,534 - __main__ - INFO - Starting pipeline training...
2025-10-18 14:23:13,546 - YOLOTransUNetPipeline - INFO - End Yolo10 config...
2025-10-18 14:23:14,179 - __main__ - INFO - Found 506 images
2025-10-18 14:23:14,179 - __main__ - INFO - Data splits: Train=355, Val=101, Test=50
2025-10-18 14:23:14,179 - YOLOTransUNetPipeline - INFO - Starting YOLOv10 training...
2025-10-18 14:23:14,195 - root - INFO - Preparing training data from data/sample_dataset to data\results\yolo_data
2025-10-18 14:23:14,207 - __main__ - ERROR - Pipeline failed: With n_samples=0, test_size=0.2 and train_size=None, the resulting train set will be empty. Adjust any of the aforementioned parameters.
2025-10-18 14:29:51,081 - __main__ - INFO - Starting pipeline training...
2025-10-18 14:29:51,087 - YOLOTransUNetPipeline - INFO - End Yolo10 config...
2025-10-18 14:29:51,854 - __main__ - INFO - Found 996 images
2025-10-18 14:29:51,854 - __main__ - INFO - Data splits: Train=698, Val=199, Test=99
2025-10-18 14:29:51,854 - YOLOTransUNetPipeline - INFO - Starting YOLOv10 training...
2025-10-18 14:29:51,871 - root - INFO - Preparing training data from data/processed_dataset to data\results\yolo_data
2025-10-18 14:29:54,856 - models.YOLOv10Detector - INFO - YOLO data structure created at data\results\yolo_data
2025-10-18 14:29:54,857 - root - INFO - YOLO data prepared at data\results\yolo_data\data.yaml
2025-10-18 14:29:54,857 - models.YOLOv10Detector - INFO - Loading pretrained models/yolo_best model
2025-10-18 14:29:54,937 - root - INFO - Model loaded for training.
2025-10-18 14:29:54,938 - models.YOLOv10Detector - INFO - Starting YOLOv10 training...
